<?xml version="1.0" encoding="UTF-8"?>
<testng-results ignored="0" total="2" passed="2" failed="0" skipped="0">
  <reporter-output>
    <line>
      <![CDATA[Login Successfull]]>
    </line>
    <line>
      <![CDATA[Login Successfull]]>
    </line>
  </reporter-output>
  <suite started-at="2025-01-29T17:28:11 IST" name="Suite" finished-at="2025-01-29T17:29:19 IST" duration-ms="68098">
    <groups>
    </groups>
    <test started-at="2025-01-29T17:28:11 IST" name="Test" finished-at="2025-01-29T17:29:19 IST" duration-ms="68098">
      <class name="ICGMS_PreInspection._03_PreInspection_PreCheck">
        <test-method is-config="true" signature="setup()[pri:0, instance:ICGMS_PreInspection._03_PreInspection_PreCheck@3e2e18f2]" started-at="2025-01-29T17:28:11 IST" name="setup" finished-at="2025-01-29T17:28:17 IST" duration-ms="6295" status="PASS">
          <reporter-output>
          </reporter-output>
        </test-method> <!-- setup -->
        <test-method signature="Pre_Check()[pri:0, instance:ICGMS_PreInspection._03_PreInspection_PreCheck@3e2e18f2]" started-at="2025-01-29T17:28:17 IST" name="Pre_Check" finished-at="2025-01-29T17:28:47 IST" duration-ms="30347" status="PASS">
          <reporter-output>
            <line>
              <![CDATA[Login Successfull]]>
            </line>
          </reporter-output>
        </test-method> <!-- Pre_Check -->
        <test-method is-config="true" signature="Logout()[pri:0, instance:ICGMS_PreInspection._03_PreInspection_PreCheck@3e2e18f2]" started-at="2025-01-29T17:28:47 IST" name="Logout" finished-at="2025-01-29T17:28:53 IST" duration-ms="5231" status="PASS">
          <reporter-output>
          </reporter-output>
        </test-method> <!-- Logout -->
      </class> <!-- ICGMS_PreInspection._03_PreInspection_PreCheck -->
      <class name="ICGMS_PreInspection._04_PreInspection_QualityCheck">
        <test-method is-config="true" signature="setup()[pri:0, instance:ICGMS_PreInspection._04_PreInspection_QualityCheck@31c88ec8]" started-at="2025-01-29T17:28:53 IST" name="setup" finished-at="2025-01-29T17:28:58 IST" duration-ms="5664" status="PASS">
          <reporter-output>
          </reporter-output>
        </test-method> <!-- setup -->
        <test-method signature="Quality_Check()[pri:0, instance:ICGMS_PreInspection._04_PreInspection_QualityCheck@31c88ec8]" started-at="2025-01-29T17:28:58 IST" name="Quality_Check" finished-at="2025-01-29T17:29:14 IST" duration-ms="15245" status="PASS">
          <reporter-output>
            <line>
              <![CDATA[Login Successfull]]>
            </line>
          </reporter-output>
        </test-method> <!-- Quality_Check -->
        <test-method is-config="true" signature="Logout()[pri:0, instance:ICGMS_PreInspection._04_PreInspection_QualityCheck@31c88ec8]" started-at="2025-01-29T17:29:14 IST" name="Logout" finished-at="2025-01-29T17:29:19 IST" duration-ms="5247" status="PASS">
          <reporter-output>
          </reporter-output>
        </test-method> <!-- Logout -->
      </class> <!-- ICGMS_PreInspection._04_PreInspection_QualityCheck -->
    </test> <!-- Test -->
  </suite> <!-- Suite -->
</testng-results>
